Sat Nov 19 15:39:27 2016
Create Relation ADR_CONTROL
Create Relation ADR_INVALIDATION
Create Relation INC_METER_IMPT_DEF
Create Relation INC_METER_PK_IMPTS
Directory does not exist for read/write [/usr/lib/oracle/11.2/client64/lib/log] []
Sat Nov 19 15:39:38 2016
Directory does not exist for read/write [/usr/lib/oracle/11.2/client64/lib/log] []
Sat Nov 19 15:40:02 2016
Directory does not exist for read/write [/usr/lib/oracle/11.2/client64/lib/log] []
Sat Nov 19 16:11:51 2016
Directory does not exist for read/write [/usr/lib/oracle/11.2/client64/lib/log] []
Sat Nov 19 16:11:58 2016
Directory does not exist for read/write [/usr/lib/oracle/11.2/client64/lib/log] []
Sat Nov 19 16:12:08 2016
Directory does not exist for read/write [/usr/lib/oracle/11.2/client64/lib/log] []
Sat Nov 19 16:13:14 2016
Directory does not exist for read/write [/usr/lib/oracle/11.2/client64/lib/log] []
Sat Nov 19 16:13:21 2016
Directory does not exist for read/write [/usr/lib/oracle/11.2/client64/lib/log] []
Sat Nov 19 16:13:29 2016
Directory does not exist for read/write [/usr/lib/oracle/11.2/client64/lib/log] []
Sat Nov 19 16:13:31 2016
Directory does not exist for read/write [/usr/lib/oracle/11.2/client64/lib/log] []
Sun Nov 20 21:35:52 2016
Directory does not exist for read/write [/usr/lib/oracle/11.2/client64/lib/log] []
Sun Nov 20 21:35:55 2016
Directory does not exist for read/write [/usr/lib/oracle/11.2/client64/lib/log] []
Sun Nov 20 21:36:02 2016
Directory does not exist for read/write [/usr/lib/oracle/11.2/client64/lib/log] []
Tue Nov 22 09:56:19 2016
Directory does not exist for read/write [/usr/lib/oracle/11.2/client64/lib/log] []
Tue Nov 22 09:56:21 2016
Directory does not exist for read/write [/usr/lib/oracle/11.2/client64/lib/log] []
Tue Nov 22 09:56:24 2016
Directory does not exist for read/write [/usr/lib/oracle/11.2/client64/lib/log] []
Tue Nov 22 09:57:27 2016
Directory does not exist for read/write [/usr/lib/oracle/11.2/client64/lib/log] []
Tue Nov 22 09:57:30 2016
Directory does not exist for read/write [/usr/lib/oracle/11.2/client64/lib/log] []
Tue Nov 22 09:57:33 2016
Directory does not exist for read/write [/usr/lib/oracle/11.2/client64/lib/log] []
Tue Nov 22 10:16:55 2016
Directory does not exist for read/write [/usr/lib/oracle/11.2/client64/lib/log] []
Tue Nov 22 10:16:57 2016
Directory does not exist for read/write [/usr/lib/oracle/11.2/client64/lib/log] []
Tue Nov 22 10:17:03 2016
Directory does not exist for read/write [/usr/lib/oracle/11.2/client64/lib/log] []
Tue Nov 22 10:41:41 2016
Directory does not exist for read/write [/usr/lib/oracle/11.2/client64/lib/log] []
Tue Nov 22 10:41:44 2016
Directory does not exist for read/write [/usr/lib/oracle/11.2/client64/lib/log] []
Tue Nov 22 10:41:50 2016
Directory does not exist for read/write [/usr/lib/oracle/11.2/client64/lib/log] []
Mon Nov 28 16:54:41 2016
Directory does not exist for read/write [/usr/lib/oracle/11.2/client64/lib/log] []
Mon Nov 28 16:54:44 2016
Directory does not exist for read/write [/usr/lib/oracle/11.2/client64/lib/log] []
Mon Nov 28 16:54:46 2016
Directory does not exist for read/write [/usr/lib/oracle/11.2/client64/lib/log] []
Tue Nov 29 10:23:51 2016
Directory does not exist for read/write [/usr/lib/oracle/11.2/client64/lib/log] []
Tue Nov 29 10:23:53 2016
Directory does not exist for read/write [/usr/lib/oracle/11.2/client64/lib/log] []
Tue Nov 29 10:23:58 2016
Directory does not exist for read/write [/usr/lib/oracle/11.2/client64/lib/log] []
Tue Nov 29 11:09:21 2016
Directory does not exist for read/write [/usr/lib/oracle/11.2/client64/lib/log] []
Tue Nov 29 11:09:23 2016
Directory does not exist for read/write [/usr/lib/oracle/11.2/client64/lib/log] []
Tue Nov 29 11:09:29 2016
Directory does not exist for read/write [/usr/lib/oracle/11.2/client64/lib/log] []
Tue Nov 29 12:59:01 2016
Directory does not exist for read/write [/usr/lib/oracle/11.2/client64/lib/log] []
Tue Nov 29 12:59:03 2016
Directory does not exist for read/write [/usr/lib/oracle/11.2/client64/lib/log] []
Tue Nov 29 12:59:09 2016
Directory does not exist for read/write [/usr/lib/oracle/11.2/client64/lib/log] []
Tue Nov 29 17:35:23 2016
Directory does not exist for read/write [/usr/lib/oracle/11.2/client64/lib/log] []
Tue Nov 29 17:35:25 2016
Directory does not exist for read/write [/usr/lib/oracle/11.2/client64/lib/log] []
Tue Nov 29 17:35:31 2016
Directory does not exist for read/write [/usr/lib/oracle/11.2/client64/lib/log] []
Thu Dec 01 16:16:25 2016
Directory does not exist for read/write [/usr/lib/oracle/11.2/client64/lib/log] []
Thu Dec 01 16:16:27 2016
Directory does not exist for read/write [/usr/lib/oracle/11.2/client64/lib/log] []
Thu Dec 01 16:16:32 2016
Directory does not exist for read/write [/usr/lib/oracle/11.2/client64/lib/log] []
Fri Dec 02 14:00:17 2016
Directory does not exist for read/write [/usr/lib/oracle/11.2/client64/lib/log] []
Fri Dec 02 14:00:19 2016
Directory does not exist for read/write [/usr/lib/oracle/11.2/client64/lib/log] []
Fri Dec 02 14:00:24 2016
Directory does not exist for read/write [/usr/lib/oracle/11.2/client64/lib/log] []
Fri Dec 02 17:09:37 2016
Directory does not exist for read/write [/usr/lib/oracle/11.2/client64/lib/log] []
Fri Dec 02 17:09:39 2016
Directory does not exist for read/write [/usr/lib/oracle/11.2/client64/lib/log] []
Fri Dec 02 17:09:45 2016
Directory does not exist for read/write [/usr/lib/oracle/11.2/client64/lib/log] []
Fri Dec 02 17:20:09 2016
Directory does not exist for read/write [/usr/lib/oracle/11.2/client64/lib/log] []
Fri Dec 02 17:20:11 2016
Directory does not exist for read/write [/usr/lib/oracle/11.2/client64/lib/log] []
Fri Dec 02 17:20:17 2016
Directory does not exist for read/write [/usr/lib/oracle/11.2/client64/lib/log] []
Tue Dec 06 22:18:30 2016
Directory does not exist for read/write [/usr/lib/oracle/11.2/client64/lib/log] []
Tue Dec 06 22:18:32 2016
Directory does not exist for read/write [/usr/lib/oracle/11.2/client64/lib/log] []
Tue Dec 06 22:18:38 2016
Directory does not exist for read/write [/usr/lib/oracle/11.2/client64/lib/log] []
Tue Dec 06 22:23:37 2016
Directory does not exist for read/write [/usr/lib/oracle/11.2/client64/lib/log] []
Tue Dec 06 22:23:39 2016
Directory does not exist for read/write [/usr/lib/oracle/11.2/client64/lib/log] []
Tue Dec 06 22:23:54 2016
Directory does not exist for read/write [/usr/lib/oracle/11.2/client64/lib/log] []
Tue Dec 06 22:27:31 2016
Directory does not exist for read/write [/usr/lib/oracle/11.2/client64/lib/log] []
Tue Dec 06 22:27:33 2016
Directory does not exist for read/write [/usr/lib/oracle/11.2/client64/lib/log] []
Tue Dec 06 22:27:44 2016
Directory does not exist for read/write [/usr/lib/oracle/11.2/client64/lib/log] []
Wed Dec 07 09:15:34 2016
Directory does not exist for read/write [/usr/lib/oracle/11.2/client64/lib/log] []
Wed Dec 07 09:15:36 2016
Directory does not exist for read/write [/usr/lib/oracle/11.2/client64/lib/log] []
Wed Dec 07 09:15:42 2016
Directory does not exist for read/write [/usr/lib/oracle/11.2/client64/lib/log] []
Wed Dec 07 14:21:18 2016
Directory does not exist for read/write [/usr/lib/oracle/11.2/client64/lib/log] []
Wed Dec 07 14:21:20 2016
Directory does not exist for read/write [/usr/lib/oracle/11.2/client64/lib/log] []
Wed Dec 07 14:21:26 2016
Directory does not exist for read/write [/usr/lib/oracle/11.2/client64/lib/log] []
Wed Dec 14 14:55:30 2016
Directory does not exist for read/write [/usr/lib/oracle/11.2/client64/lib/log] []
Wed Dec 14 14:55:32 2016
Directory does not exist for read/write [/usr/lib/oracle/11.2/client64/lib/log] []
Wed Dec 14 14:55:38 2016
Directory does not exist for read/write [/usr/lib/oracle/11.2/client64/lib/log] []
Thu Dec 15 17:39:58 2016
Directory does not exist for read/write [/usr/lib/oracle/11.2/client64/lib/log] []
Thu Dec 15 17:40:00 2016
Directory does not exist for read/write [/usr/lib/oracle/11.2/client64/lib/log] []
Thu Dec 15 17:40:12 2016
Directory does not exist for read/write [/usr/lib/oracle/11.2/client64/lib/log] []
